Mon Sep 08 2025 5:0:7 [Authentic Surgical] error: Failed to create product batch 
Invalid `tx.productBatch.create()` invocation in
F:\authenticsurgical\authentic_server\src\app\module\batch\batch.services.ts:40:43

  37   throw new AppError(httpStatus.NOT_FOUND, 'warehouse is Deleted');
  38 }
  39 //   create new Product Batch
→ 40 const batch = await tx.productBatch.create({
       data: {
         batchNumber: "BATCH-2023-09",
         expiryDate: "2025-12-31",
                     ~~~~~~~~~~~~
         quantity: 100,
         buyingPrice: 10.5,
         costPrice: 8,
         sellingPrice: 15,
         shelfCode: "S-01A",
         rackCode: "R-01",
         supplierId: "cmeol75tv0001sw0gzmio5nvl",
         inventoryId: "cmepehckk0003sw4g1a1dkbxg",
         warehouseId: "cmepcejeb0001swakfrjgwxg2"
       }
     })

Invalid value for argument `expiryDate`: premature end of input. Expected ISO-8601 DateTime.
Mon Sep 08 2025 5:1:24 [Authentic Surgical] error: Failed to create product batch 
Invalid `tx.productBatch.create()` invocation in
F:\authenticsurgical\authentic_server\src\app\module\batch\batch.services.ts:42:43

  39   throw new AppError(httpStatus.NOT_FOUND, 'warehouse is Deleted');
  40 }
  41 //   create new Product Batch
→ 42 const batch = await tx.productBatch.create({
       data: {
         batchNumber: "BATCH-2023-09",
         expiryDate: "2025-12-31",
                     ~~~~~~~~~~~~
         quantity: 100,
         buyingPrice: 10.5,
         costPrice: 8,
         sellingPrice: 15,
         shelfCode: "S-01A",
         rackCode: "R-01",
         supplierId: "cmeol75tv0001sw0gzmio5nvl",
         inventoryId: "cmepehckk0003sw4g1a1dkbxg",
         warehouseId: "cmepcejeb0001swakfrjgwxg2"
       }
     })

Invalid value for argument `expiryDate`: premature end of input. Expected ISO-8601 DateTime.
Mon Sep 08 2025 5:2:25 [Authentic Surgical] error: Failed to create product batch 
Invalid `tx.productBatch.create()` invocation in
F:\authenticsurgical\authentic_server\src\app\module\batch\batch.services.ts:42:43

  39   throw new AppError(httpStatus.NOT_FOUND, 'warehouse is Deleted');
  40 }
  41 //   create new Product Batch
→ 42 const batch = await tx.productBatch.create({
       data: {
         batchNumber: "BATCH-2023-09",
         expiryDate: "2025-12-31",
                     ~~~~~~~~~~~~
         quantity: 100,
         buyingPrice: 10.5,
         costPrice: 8,
         sellingPrice: 15,
         shelfCode: "S-01A",
         rackCode: "R-01",
         supplierId: "cmeol75tv0001sw0gzmio5nvl",
         inventoryId: "cmepehckk0003sw4g1a1dkbxg",
         warehouseId: "cmepcejeb0001swakfrjgwxg2"
       }
     })

Invalid value for argument `expiryDate`: premature end of input. Expected ISO-8601 DateTime.
Mon Sep 08 2025 5:3:57 [Authentic Surgical] error: Failed to create product batch 
Invalid `tx.productBatch.create()` invocation in
F:\authenticsurgical\authentic_server\src\app\module\batch\batch.services.ts:42:43

  39   throw new AppError(httpStatus.NOT_FOUND, 'warehouse is Deleted');
  40 }
  41 //   create new Product Batch
→ 42 const batch = await tx.productBatch.create({
       data: {
         batchNumber: "BATCH-2023-09",
         expiryDate: "2025-12-31",
                     ~~~~~~~~~~~~
         quantity: 100,
         buyingPrice: 10.5,
         costPrice: 8,
         sellingPrice: 15,
         shelfCode: "S-01A",
         rackCode: "R-01",
         supplierId: "cmeol75tv0001sw0gzmio5nvl",
         inventoryId: "cmepehckk0003sw4g1a1dkbxg",
         warehouseId: "cmepcejeb0001swakfrjgwxg2"
       }
     })

Invalid value for argument `expiryDate`: premature end of input. Expected ISO-8601 DateTime.
Mon Sep 08 2025 5:19:34 [Authentic Surgical] error: Failed to create product batch 
Invalid `tx.productBatch.create()` invocation in
F:\authenticsurgical\authentic_server\src\app\module\batch\batch.services.ts:42:43

  39   throw new AppError(httpStatus.NOT_FOUND, 'warehouse is Deleted');
  40 }
  41 //   create new Product Batch
→ 42 const batch = await tx.productBatch.create({
       data: {
         batchNumber: "BATCH-2023-09",
         expiryDate: "2025-12-31",
                     ~~~~~~~~~~~~
         quantity: 100,
         buyingPrice: 10.5,
         costPrice: 8,
         sellingPrice: 15,
         shelfCode: "S-01A",
         rackCode: "R-01",
         supplierId: "cmeol75tv0001sw0gzmio5nvl",
         inventoryId: "cmepehckk0003sw4g1a1dkbxg",
         warehouseId: "cmepcejeb0001swakfrjgwxg2"
       }
     })

Invalid value for argument `expiryDate`: premature end of input. Expected ISO-8601 DateTime.
Mon Sep 08 2025 5:40:53 [Authentic Surgical] error: Failed to create product batch 
Invalid `tx.productBatch.create()` invocation in
F:\authenticsurgical\authentic_server\src\app\module\batch\batch.services.ts:43:43

  40   throw new AppError(httpStatus.NOT_FOUND, 'warehouse is Deleted');
  41 }
  42 //   create new Product Batch
→ 43 const batch = await tx.productBatch.create({
       data: {
         batchNumber: "BATCH-2023-09",
         expiryDate: "2025-12-31",
                     ~~~~~~~~~~~~
         quantity: 100,
         buyingPrice: 10.5,
         costPrice: 8,
         sellingPrice: 15,
         shelfCode: "S-01A",
         rackCode: "R-01",
         supplierId: "cmeol75tv0001sw0gzmio5nvl",
         inventoryId: "cmepehckk0003sw4g1a1dkbxg",
         warehouseId: "cmepcejeb0001swakfrjgwxg2"
       }
     })

Invalid value for argument `expiryDate`: premature end of input. Expected ISO-8601 DateTime.
Mon Sep 08 2025 5:44:28 [Authentic Surgical] error: Failed to create product batch 
Invalid `tx.productBatch.create()` invocation in
F:\authenticsurgical\authentic_server\src\app\module\batch\batch.services.ts:45:43

  42   throw new AppError(httpStatus.NOT_FOUND, 'warehouse is Deleted');
  43 }
  44 //   create new Product Batch
→ 45 const batch = await tx.productBatch.create({
       data: {
         batchNumber: "BATCH-2023-09",
         expiryDate: "2025-12-31",
                     ~~~~~~~~~~~~
         quantity: 100,
         buyingPrice: 10.5,
         costPrice: 8,
         sellingPrice: 15,
         shelfCode: "S-01A",
         rackCode: "R-01",
         supplierId: "cmeol75tv0001sw0gzmio5nvl",
         inventoryId: "cmepehckk0003sw4g1a1dkbxg",
         warehouseId: "cmepcejeb0001swakfrjgwxg2"
       }
     })

Invalid value for argument `expiryDate`: premature end of input. Expected ISO-8601 DateTime.
