Sun Aug 24 2025 0:11:7 [Authentic Surgical] info: Example app listening on port 3000
Sun Aug 24 2025 0:12:5 [Authentic Surgical] info: Example app listening on port 3000
Sun Aug 24 2025 0:12:7 [Authentic Surgical] info: Example app listening on port 3000
Sun Aug 24 2025 0:12:9 [Authentic Surgical] info: Example app listening on port 3000
Sun Aug 24 2025 0:12:10 [Authentic Surgical] info: Example app listening on port 3000
Sun Aug 24 2025 0:12:16 [Authentic Surgical] info: Example app listening on port 3000
Sun Aug 24 2025 0:16:2 [Authentic Surgical] info: Example app listening on port 3000
Sun Aug 24 2025 0:16:8 [Authentic Surgical] info: Example app listening on port 3000
Sun Aug 24 2025 0:16:17 [Authentic Surgical] info: Example app listening on port 3000
Sun Aug 24 2025 0:16:25 [Authentic Surgical] info: Example app listening on port 3000
Sun Aug 24 2025 0:18:8 [Authentic Surgical] info: Example app listening on port 3000
Sun Aug 24 2025 0:18:12 [Authentic Surgical] info: Example app listening on port 3000
Sun Aug 24 2025 0:18:15 [Authentic Surgical] info: Example app listening on port 3000
Sun Aug 24 2025 0:18:20 [Authentic Surgical] info: Example app listening on port 3000
Sun Aug 24 2025 0:19:17 [Authentic Surgical] info: Example app listening on port 3000
Sun Aug 24 2025 0:19:20 [Authentic Surgical] info: Example app listening on port 3000
Sun Aug 24 2025 0:19:59 [Authentic Surgical] info: Example app listening on port 3000
Sun Aug 24 2025 0:22:18 [Authentic Surgical] info: Example app listening on port 3000
Sun Aug 24 2025 0:22:23 [Authentic Surgical] info: Example app listening on port 3000
Sun Aug 24 2025 0:22:29 [Authentic Surgical] info: Example app listening on port 3000
Sun Aug 24 2025 0:22:31 [Authentic Surgical] info: Example app listening on port 3000
Sun Aug 24 2025 0:23:18 [Authentic Surgical] info: Example app listening on port 3000
Sun Aug 24 2025 0:23:27 [Authentic Surgical] info: Example app listening on port 3000
Sun Aug 24 2025 0:26:34 [Authentic Surgical] info: Example app listening on port 3000
Sun Aug 24 2025 0:27:5 [Authentic Surgical] info: Example app listening on port 3000
Sun Aug 24 2025 0:27:22 [Authentic Surgical] info: Example app listening on port 3000
Sun Aug 24 2025 0:27:23 [Authentic Surgical] info: Example app listening on port 3000
Sun Aug 24 2025 0:27:24 [Authentic Surgical] info: Example app listening on port 3000
Sun Aug 24 2025 0:27:28 [Authentic Surgical] info: Example app listening on port 3000
Sun Aug 24 2025 0:28:13 [Authentic Surgical] info: Example app listening on port 3000
Sun Aug 24 2025 0:28:39 [Authentic Surgical] info: Example app listening on port 3000
Sun Aug 24 2025 0:28:42 [Authentic Surgical] info: Example app listening on port 3000
Sun Aug 24 2025 0:28:44 [Authentic Surgical] info: Example app listening on port 3000
Sun Aug 24 2025 0:29:6 [Authentic Surgical] info: Example app listening on port 3000
Sun Aug 24 2025 0:29:8 [Authentic Surgical] info: Example app listening on port 3000
Sun Aug 24 2025 0:29:14 [Authentic Surgical] info: Example app listening on port 3000
Sun Aug 24 2025 0:29:20 [Authentic Surgical] info: Example app listening on port 3000
Sun Aug 24 2025 0:29:31 [Authentic Surgical] info: Example app listening on port 3000
Sun Aug 24 2025 0:29:33 [Authentic Surgical] info: Example app listening on port 3000
Sun Aug 24 2025 0:29:44 [Authentic Surgical] info: Example app listening on port 3000
Sun Aug 24 2025 0:29:50 [Authentic Surgical] info: Example app listening on port 3000
Sun Aug 24 2025 0:30:14 [Authentic Surgical] info: Example app listening on port 3000
Sun Aug 24 2025 0:30:15 [Authentic Surgical] info: Example app listening on port 3000
Sun Aug 24 2025 0:33:5 [Authentic Surgical] info: Example app listening on port 3000
Sun Aug 24 2025 0:33:25 [Authentic Surgical] info: Example app listening on port 3000
Sun Aug 24 2025 0:33:31 [Authentic Surgical] info: Example app listening on port 3000
Sun Aug 24 2025 0:33:33 [Authentic Surgical] info: Example app listening on port 3000
Sun Aug 24 2025 0:33:36 [Authentic Surgical] info: Example app listening on port 3000
Sun Aug 24 2025 0:33:41 [Authentic Surgical] info: Example app listening on port 3000
Sun Aug 24 2025 0:34:16 [Authentic Surgical] info: Example app listening on port 3000
Sun Aug 24 2025 0:34:37 [Authentic Surgical] info: Example app listening on port 3000
Sun Aug 24 2025 0:34:44 [Authentic Surgical] info: Example app listening on port 3000
Sun Aug 24 2025 0:34:46 [Authentic Surgical] info: Example app listening on port 3000
Sun Aug 24 2025 0:34:48 [Authentic Surgical] info: Example app listening on port 3000
Sun Aug 24 2025 0:34:50 [Authentic Surgical] info: Example app listening on port 3000
Sun Aug 24 2025 0:34:56 [Authentic Surgical] info: Example app listening on port 3000
Sun Aug 24 2025 0:34:59 [Authentic Surgical] info: Example app listening on port 3000
Sun Aug 24 2025 0:35:6 [Authentic Surgical] info: Example app listening on port 3000
Sun Aug 24 2025 0:35:11 [Authentic Surgical] info: Example app listening on port 3000
Sun Aug 24 2025 0:35:12 [Authentic Surgical] info: Example app listening on port 3000
Sun Aug 24 2025 0:35:33 [Authentic Surgical] info: Example app listening on port 3000
Sun Aug 24 2025 0:35:54 [Authentic Surgical] info: Example app listening on port 3000
Sun Aug 24 2025 0:37:15 [Authentic Surgical] info: Example app listening on port 3000
Sun Aug 24 2025 0:37:21 [Authentic Surgical] info: Example app listening on port 3000
Sun Aug 24 2025 0:37:35 [Authentic Surgical] info: Example app listening on port 3000
Sun Aug 24 2025 0:37:40 [Authentic Surgical] info: Example app listening on port 3000
Sun Aug 24 2025 0:38:30 [Authentic Surgical] info: Example app listening on port 3000
Sun Aug 24 2025 0:38:33 [Authentic Surgical] info: Example app listening on port 3000
Sun Aug 24 2025 0:38:35 [Authentic Surgical] info: Example app listening on port 3000
Sun Aug 24 2025 0:38:38 [Authentic Surgical] info: Example app listening on port 3000
Sun Aug 24 2025 0:39:9 [Authentic Surgical] info: Example app listening on port 3000
Sun Aug 24 2025 0:39:14 [Authentic Surgical] info: Example app listening on port 3000
Sun Aug 24 2025 0:39:21 [Authentic Surgical] info: Example app listening on port 3000
Sun Aug 24 2025 0:39:53 [Authentic Surgical] info: Example app listening on port 3000
Sun Aug 24 2025 0:40:10 [Authentic Surgical] info: Example app listening on port 3000
Sun Aug 24 2025 0:40:19 [Authentic Surgical] info: Example app listening on port 3000
Sun Aug 24 2025 0:40:21 [Authentic Surgical] info: Example app listening on port 3000
Sun Aug 24 2025 0:40:24 [Authentic Surgical] info: Example app listening on port 3000
Sun Aug 24 2025 0:40:32 [Authentic Surgical] info: Example app listening on port 3000
Sun Aug 24 2025 0:40:37 [Authentic Surgical] info: Example app listening on port 3000
Sun Aug 24 2025 0:40:40 [Authentic Surgical] info: Example app listening on port 3000
Sun Aug 24 2025 0:40:43 [Authentic Surgical] info: Example app listening on port 3000
Sun Aug 24 2025 0:40:59 [Authentic Surgical] info: Example app listening on port 3000
Sun Aug 24 2025 0:42:9 [Authentic Surgical] info: Example app listening on port 3000
Sun Aug 24 2025 0:42:14 [Authentic Surgical] info: Example app listening on port 3000
Sun Aug 24 2025 0:42:15 [Authentic Surgical] info: Example app listening on port 3000
Sun Aug 24 2025 0:42:17 [Authentic Surgical] info: Example app listening on port 3000
Sun Aug 24 2025 0:44:32 [Authentic Surgical] info: Example app listening on port 3000
Sun Aug 24 2025 0:44:37 [Authentic Surgical] info: Example app listening on port 3000
Sun Aug 24 2025 0:44:47 [Authentic Surgical] info: Example app listening on port 3000
Sun Aug 24 2025 0:44:58 [Authentic Surgical] error: 
Invalid `tx.productBatch.create()` invocation in
F:\authenticsurgical\authentic_server\src\app\module\product\product.services.ts:48:29

  45   supplierId: payload.productBatch.supplierId,
  46   warehouseId: payload.productBatch.warehouseId,
  47 };
→ 48 await tx.productBatch.create({
       data: {
         inventoryId: "cmepduz8g0003swjkaykj1zm6",
         batchNumber: "BATCH-2025-01",
         expiryDate: "2026-01-01",
                     ~~~~~~~~~~~~
         quantity: 100,
         buyingPrice: 15,
         costPrice: 18,
         sellingPrice: 25.99,
         shelfCode: "S-01A",
         rackCode: "R-07",
         supplierId: "cmeol75tv0001sw0gzmio5nvl",
         warehouseId: "cmepcejeb0001swakfrjgwxg2"
       }
     })

Invalid value for argument `expiryDate`: premature end of input. Expected ISO-8601 DateTime.
Sun Aug 24 2025 0:46:19 [Authentic Surgical] info: Example app listening on port 3000
Sun Aug 24 2025 0:55:3 [Authentic Surgical] info: Example app listening on port 3000
