Sun Aug 24 2025 12:3:11 [Authentic Surgical] info: Example app listening on port 3000
Sun Aug 24 2025 12:4:51 [Authentic Surgical] info: Example app listening on port 3000
Sun Aug 24 2025 12:5:51 [Authentic Surgical] info: Example app listening on port 3000
Sun Aug 24 2025 12:5:53 [Authentic Surgical] info: Example app listening on port 3000
Sun Aug 24 2025 12:5:57 [Authentic Surgical] info: Example app listening on port 3000
Sun Aug 24 2025 12:6:18 [Authentic Surgical] info: Example app listening on port 3000
Sun Aug 24 2025 12:6:22 [Authentic Surgical] info: Example app listening on port 3000
Sun Aug 24 2025 12:6:24 [Authentic Surgical] info: Example app listening on port 3000
Sun Aug 24 2025 12:7:30 [Authentic Surgical] info: Example app listening on port 3000
Sun Aug 24 2025 12:7:39 [Authentic Surgical] info: Example app listening on port 3000
Sun Aug 24 2025 12:7:43 [Authentic Surgical] info: Example app listening on port 3000
Sun Aug 24 2025 12:13:58 [Authentic Surgical] info: Example app listening on port 3000
Sun Aug 24 2025 12:14:26 [Authentic Surgical] info: Example app listening on port 3000
Sun Aug 24 2025 12:18:3 [Authentic Surgical] info: Example app listening on port 3000
Sun Aug 24 2025 12:18:20 [Authentic Surgical] info: Example app listening on port 3000
Sun Aug 24 2025 12:18:51 [Authentic Surgical] info: Example app listening on port 3000
Sun Aug 24 2025 12:19:1 [Authentic Surgical] info: Example app listening on port 3000
Sun Aug 24 2025 12:32:3 [Authentic Surgical] info: Example app listening on port 3000
Sun Aug 24 2025 12:34:21 [Authentic Surgical] info: Example app listening on port 3000
Sun Aug 24 2025 12:34:34 [Authentic Surgical] info: Example app listening on port 3000
Sun Aug 24 2025 12:34:37 [Authentic Surgical] info: Example app listening on port 3000
Sun Aug 24 2025 12:34:47 [Authentic Surgical] info: Example app listening on port 3000
Sun Aug 24 2025 12:34:50 [Authentic Surgical] info: Example app listening on port 3000
Sun Aug 24 2025 12:35:11 [Authentic Surgical] info: Example app listening on port 3000
Sun Aug 24 2025 12:35:15 [Authentic Surgical] info: Example app listening on port 3000
Sun Aug 24 2025 12:35:17 [Authentic Surgical] info: Example app listening on port 3000
Sun Aug 24 2025 12:35:22 [Authentic Surgical] info: Example app listening on port 3000
Sun Aug 24 2025 12:35:25 [Authentic Surgical] info: Example app listening on port 3000
Sun Aug 24 2025 12:35:39 [Authentic Surgical] info: Example app listening on port 3000
Sun Aug 24 2025 12:35:45 [Authentic Surgical] info: Example app listening on port 3000
Sun Aug 24 2025 12:35:47 [Authentic Surgical] info: Example app listening on port 3000
Sun Aug 24 2025 12:35:49 [Authentic Surgical] info: Example app listening on port 3000
Sun Aug 24 2025 12:35:54 [Authentic Surgical] info: Example app listening on port 3000
Sun Aug 24 2025 12:36:3 [Authentic Surgical] info: Example app listening on port 3000
Sun Aug 24 2025 12:37:41 [Authentic Surgical] info: Example app listening on port 3000
Sun Aug 24 2025 12:37:47 [Authentic Surgical] info: Example app listening on port 3000
Sun Aug 24 2025 12:37:51 [Authentic Surgical] info: Example app listening on port 3000
Sun Aug 24 2025 12:37:53 [Authentic Surgical] info: Example app listening on port 3000
Sun Aug 24 2025 12:41:22 [Authentic Surgical] info: Example app listening on port 3000
Sun Aug 24 2025 12:41:41 [Authentic Surgical] info: Example app listening on port 3000
Sun Aug 24 2025 12:41:45 [Authentic Surgical] info: Example app listening on port 3000
Sun Aug 24 2025 12:43:39 [Authentic Surgical] error: 
Invalid `tx.productBatch.updateMany()` invocation in
F:\authenticsurgical\authentic_server\src\app\module\inventory\inventory.services.ts:284:29

  281   data: { isDeleted: true, status: "DISCONTINUED" },
  282 });
  283 // 3. Mark related productBatches as deleted
→ 284 await tx.productBatch.updateMany(
Transaction API error: Transaction not found. Transaction ID is invalid, refers to an old closed transaction Prisma doesn't have information about anymore, or was obtained before disconnecting.
Sun Aug 24 2025 12:48:47 [Authentic Surgical] info: Example app listening on port 3000
Sun Aug 24 2025 12:49:17 [Authentic Surgical] info: Example app listening on port 3000
Sun Aug 24 2025 12:49:20 [Authentic Surgical] info: Example app listening on port 3000
Sun Aug 24 2025 12:49:22 [Authentic Surgical] info: Example app listening on port 3000
Sun Aug 24 2025 12:50:8 [Authentic Surgical] info: Example app listening on port 3000
Sun Aug 24 2025 12:51:16 [Authentic Surgical] info: Example app listening on port 3000
Sun Aug 24 2025 12:52:5 [Authentic Surgical] info: Example app listening on port 3000
Sun Aug 24 2025 12:52:11 [Authentic Surgical] info: Example app listening on port 3000
Sun Aug 24 2025 12:52:12 [Authentic Surgical] info: Example app listening on port 3000
Sun Aug 24 2025 12:52:15 [Authentic Surgical] info: Example app listening on port 3000
Sun Aug 24 2025 12:52:23 [Authentic Surgical] info: Example app listening on port 3000
Sun Aug 24 2025 12:52:27 [Authentic Surgical] info: Example app listening on port 3000
Sun Aug 24 2025 12:52:31 [Authentic Surgical] info: Example app listening on port 3000
Sun Aug 24 2025 12:52:45 [Authentic Surgical] info: Example app listening on port 3000
Sun Aug 24 2025 12:52:47 [Authentic Surgical] info: Example app listening on port 3000
Sun Aug 24 2025 12:52:49 [Authentic Surgical] info: Example app listening on port 3000
Sun Aug 24 2025 12:52:55 [Authentic Surgical] info: Example app listening on port 3000
Sun Aug 24 2025 12:52:57 [Authentic Surgical] info: Example app listening on port 3000
Sun Aug 24 2025 12:53:0 [Authentic Surgical] info: Example app listening on port 3000
Sun Aug 24 2025 12:53:5 [Authentic Surgical] info: Example app listening on port 3000
Sun Aug 24 2025 12:53:6 [Authentic Surgical] info: Example app listening on port 3000
Sun Aug 24 2025 12:53:10 [Authentic Surgical] info: Example app listening on port 3000
Sun Aug 24 2025 12:53:17 [Authentic Surgical] info: Example app listening on port 3000
Sun Aug 24 2025 12:53:27 [Authentic Surgical] info: Example app listening on port 3000
Sun Aug 24 2025 12:53:31 [Authentic Surgical] info: Example app listening on port 3000
Sun Aug 24 2025 12:53:36 [Authentic Surgical] info: Example app listening on port 3000
Sun Aug 24 2025 12:53:38 [Authentic Surgical] info: Example app listening on port 3000
Sun Aug 24 2025 12:53:47 [Authentic Surgical] info: Example app listening on port 3000
Sun Aug 24 2025 12:54:1 [Authentic Surgical] info: Example app listening on port 3000
Sun Aug 24 2025 12:54:51 [Authentic Surgical] info: Example app listening on port 3000
Sun Aug 24 2025 12:55:50 [Authentic Surgical] info: Example app listening on port 3000
Sun Aug 24 2025 12:55:52 [Authentic Surgical] info: Example app listening on port 3000
